Arguments:
  /usr/local/bin/node /usr/local/bin/yarn add dev @types/corejs

PATH:
  /usr/local/bin:/usr/bin:/bin:/usr/sbin:/sbin:/Users/nimaen/.yarn/bin:/Users/nimaen/.npm-global/bin

Yarn version:
  0.18.1

Node version:
  6.8.0

Platform:
  darwin x64

npm manifest:
  {
    "name": "@elium/mighty",
    "appName": "mighty",
    "version": "4.2.2",
    "homepage": "https://github.com/Elium/mighty#readme",
    "author": "Arnaud Bosc <bosc.arno@gmail.com>",
    "description": "Context agnostic TS & JS ORM",
    "license": "MIT",
    "scripts": {
      "build": "tsc -p .",
      "dev": "tsc -w -p .",
      "start": "npm run dev",
      "pretest": "npm run build",
      "test": "mocha lib/test --recursive -R spec",
      "coverage": "istanbul cover _mocha -- --recursive lib/test -R spec",
      "coverage:ci": "istanbul cover _mocha --report lcovonly -- -R spec --recursive lib/test && cat ./coverage/lcov.info | coveralls",
      "test:watch": "npm run build && npm run mocha:watch",
      "preversion": "npm test",
      "postversion": "git push --follow-tags",
      "deploy": "cp package.json LICENCE.md ./lib/ && npm publish --access=public"
    },
    "repository": {
      "url": "git+https://github.com/Elium/mighty.git"
    },
    "main": "index.js",
    "devDependencies": {
      "@types/chai": "^3.4.34",
      "@types/lodash": "^4.14.48",
      "@types/mocha": "^2.2.32",
      "chai": "^3.5.0",
      "coveralls": "^2.11.12",
      "del": "^2.2.1",
      "istanbul": "^0.4.4",
      "mocha": "^2.4.5",
      "mocha-lcov-reporter": "^1.2.0",
      "typescript": "^2.1.4"
    },
    "dependencies": {
      "lodash": "^4.17.4",
      "rxjs": "^5.0.3"
    },
    "bugs": {
      "url": "https://github.com/Elium/mighty/issues"
    }
  }

yarn manifest:
  No manifest

Lockfile:
  # THIS IS AN AUTOGENERATED FILE. DO NOT EDIT THIS FILE DIRECTLY.
  # yarn lockfile v1


  "@types/chai@^3.4.34":
    version "3.4.34"
    resolved "https://nexus.elium.io/repository/npm-all/@types/chai/-/chai-3.4.34.tgz#d5335792823bb09cddd5e38c3d211b709183854d"

  "@types/lodash@^4.14.48":
    version "4.14.48"
    resolved "https://nexus.elium.io/repository/npm-all/@types/lodash/-/lodash-4.14.48.tgz#d4d7747c28c63581e803bb2d03d0f0f36d2ac624"

  "@types/mocha@^2.2.32":
    version "2.2.37"
    resolved "https://nexus.elium.io/repository/npm-all/@types/mocha/-/mocha-2.2.37.tgz#8e0d5327ffa0734999c1010967853de917f3a38e"

  abbrev@1, abbrev@1.0.x:
    version "1.0.9"
    resolved "https://nexus.elium.io/repository/npm-all/abbrev/-/abbrev-1.0.9.tgz#91b4792588a7738c25f35dd6f63752a2f8776135"

  align-text@^0.1.1, align-text@^0.1.3:
    version "0.1.4"
    resolved "https://nexus.elium.io/repository/npm-all/align-text/-/align-text-0.1.4.tgz#0cd90a561093f35d0a99256c22b7069433fad117"
    dependencies:
      kind-of "^3.0.2"
      longest "^1.0.1"
      repeat-string "^1.5.2"

  amdefine@>=0.0.4:
    version "1.0.1"
    resolved "https://nexus.elium.io/repository/npm-all/amdefine/-/amdefine-1.0.1.tgz#4a5282ac164729e93619bcfd3ad151f817ce91f5"

  ansi-regex@^2.0.0:
    version "2.0.0"
    resolved "https://nexus.elium.io/repository/npm-all/ansi-regex/-/ansi-regex-2.0.0.tgz#c5061b6e0ef8a81775e50f5d66151bf6bf371107"

  ansi-styles@^2.2.1:
    version "2.2.1"
    resolved "https://nexus.elium.io/repository/npm-all/ansi-styles/-/ansi-styles-2.2.1.tgz#b432dd3358b634cf75e1e4664368240533c1ddbe"

  argparse@^1.0.7:
    version "1.0.9"
    resolved "https://nexus.elium.io/repository/npm-all/argparse/-/argparse-1.0.9.tgz#73d83bc263f86e97f8cc4f6bae1b0e90a7d22c86"
    dependencies:
      sprintf-js "~1.0.2"

  array-union@^1.0.1:
    version "1.0.2"
    resolved "https://nexus.elium.io/repository/npm-all/array-union/-/array-union-1.0.2.tgz#9a34410e4f4e3da23dea375be5be70f24778ec39"
    dependencies:
      array-uniq "^1.0.1"

  array-uniq@^1.0.1:
    version "1.0.3"
    resolved "https://nexus.elium.io/repository/npm-all/array-uniq/-/array-uniq-1.0.3.tgz#af6ac877a25cc7f74e058894753858dfdb24fdb6"

  arrify@^1.0.0:
    version "1.0.1"
    resolved "https://nexus.elium.io/repository/npm-all/arrify/-/arrify-1.0.1.tgz#898508da2226f380df904728456849c1501a4b0d"

  asn1@~0.2.3:
    version "0.2.3"
    resolved "https://nexus.elium.io/repository/npm-all/asn1/-/asn1-0.2.3.tgz#dac8787713c9966849fc8180777ebe9c1ddf3b86"

  assert-plus@^0.2.0:
    version "0.2.0"
    resolved "https://nexus.elium.io/repository/npm-all/assert-plus/-/assert-plus-0.2.0.tgz#d74e1b87e7affc0db8aadb7021f3fe48101ab234"

  assert-plus@^1.0.0:
    version "1.0.0"
    resolved "https://nexus.elium.io/repository/npm-all/assert-plus/-/assert-plus-1.0.0.tgz#f12e0f3c5d77b0b1cdd9146942e4e96c1e4dd525"

  assertion-error@^1.0.1:
    version "1.0.2"
    resolved "https://nexus.elium.io/repository/npm-all/assertion-error/-/assertion-error-1.0.2.tgz#13ca515d86206da0bac66e834dd397d87581094c"

  async@1.x, async@^1.4.0:
    version "1.5.2"
    resolved "https://nexus.elium.io/repository/npm-all/async/-/async-1.5.2.tgz#ec6a61ae56480c0c3cb241c95618e20892f9672a"

  async@~0.2.6:
    version "0.2.10"
    resolved "https://nexus.elium.io/repository/npm-all/async/-/async-0.2.10.tgz#b6bbe0b0674b9d719708ca38de8c237cb526c3d1"

  asynckit@^0.4.0:
    version "0.4.0"
    resolved "https://nexus.elium.io/repository/npm-all/asynckit/-/asynckit-0.4.0.tgz#c79ed97f7f34cb8f2ba1bc9790bcc366474b4b79"

  aws-sign2@~0.6.0:
    version "0.6.0"
    resolved "https://nexus.elium.io/repository/npm-all/aws-sign2/-/aws-sign2-0.6.0.tgz#14342dd38dbcc94d0e5b87d763cd63612c0e794f"

  aws4@^1.2.1:
    version "1.5.0"
    resolved "https://nexus.elium.io/repository/npm-all/aws4/-/aws4-1.5.0.tgz#0a29ffb79c31c9e712eeb087e8e7a64b4a56d755"

  balanced-match@^0.4.1:
    version "0.4.2"
    resolved "https://nexus.elium.io/repository/npm-all/balanced-match/-/balanced-match-0.4.2.tgz#cb3f3e3c732dc0f01ee70b403f302e61d7709838"

  bcrypt-pbkdf@^1.0.0:
    version "1.0.0"
    resolved "https://nexus.elium.io/repository/npm-all/bcrypt-pbkdf/-/bcrypt-pbkdf-1.0.0.tgz#3ca76b85241c7170bf7d9703e7b9aa74630040d4"
    dependencies:
      tweetnacl "^0.14.3"

  bl@~1.1.2:
    version "1.1.2"
    resolved "https://nexus.elium.io/repository/npm-all/bl/-/bl-1.1.2.tgz#fdca871a99713aa00d19e3bbba41c44787a65398"
    dependencies:
      readable-stream "~2.0.5"

  boom@2.x.x:
    version "2.10.1"
    resolved "https://nexus.elium.io/repository/npm-all/boom/-/boom-2.10.1.tgz#39c8918ceff5799f83f9492a848f625add0c766f"
    dependencies:
      hoek "2.x.x"

  brace-expansion@^1.0.0:
    version "1.1.6"
    resolved "https://nexus.elium.io/repository/npm-all/brace-expansion/-/brace-expansion-1.1.6.tgz#7197d7eaa9b87e648390ea61fc66c84427420df9"
    dependencies:
      balanced-match "^0.4.1"
      concat-map "0.0.1"

  camelcase@^1.0.2:
    version "1.2.1"
    resolved "https://nexus.elium.io/repository/npm-all/camelcase/-/camelcase-1.2.1.tgz#9bb5304d2e0b56698b2c758b08a3eaa9daa58a39"

  caseless@~0.11.0:
    version "0.11.0"
    resolved "https://nexus.elium.io/repository/npm-all/caseless/-/caseless-0.11.0.tgz#715b96ea9841593cc33067923f5ec60ebda4f7d7"

  center-align@^0.1.1:
    version "0.1.3"
    resolved "https://nexus.elium.io/repository/npm-all/center-align/-/center-align-0.1.3.tgz#aa0d32629b6ee972200411cbd4461c907bc2b7ad"
    dependencies:
      align-text "^0.1.3"
      lazy-cache "^1.0.3"

  chai@^3.5.0:
    version "3.5.0"
    resolved "https://nexus.elium.io/repository/npm-all/chai/-/chai-3.5.0.tgz#4d02637b067fe958bdbfdd3a40ec56fef7373247"
    dependencies:
      assertion-error "^1.0.1"
      deep-eql "^0.1.3"
      type-detect "^1.0.0"

  chalk@^1.1.1:
    version "1.1.3"
    resolved "https://nexus.elium.io/repository/npm-all/chalk/-/chalk-1.1.3.tgz#a8115c55e4a702fe4d150abd3872822a7e09fc98"
    dependencies:
      ansi-styles "^2.2.1"
      escape-string-regexp "^1.0.2"
      has-ansi "^2.0.0"
      strip-ansi "^3.0.0"
      supports-color "^2.0.0"

  cliui@^2.1.0:
    version "2.1.0"
    resolved "https://nexus.elium.io/repository/npm-all/cliui/-/cliui-2.1.0.tgz#4b475760ff80264c762c3a1719032e91c7fea0d1"
    dependencies:
      center-align "^0.1.1"
      right-align "^0.1.1"
      wordwrap "0.0.2"

  combined-stream@^1.0.5, combined-stream@~1.0.5:
    version "1.0.5"
    resolved "https://nexus.elium.io/repository/npm-all/combined-stream/-/combined-stream-1.0.5.tgz#938370a57b4a51dea2c77c15d5c5fdf895164009"
    dependencies:
      delayed-stream "~1.0.0"

  commander@0.6.1:
    version "0.6.1"
    resolved "https://nexus.elium.io/repository/npm-all/commander/-/commander-0.6.1.tgz#fa68a14f6a945d54dbbe50d8cdb3320e9e3b1a06"

  commander@2.3.0:
    version "2.3.0"
    resolved "https://nexus.elium.io/repository/npm-all/commander/-/commander-2.3.0.tgz#fd430e889832ec353b9acd1de217c11cb3eef873"

  commander@^2.9.0:
    version "2.9.0"
    resolved "https://nexus.elium.io/repository/npm-all/commander/-/commander-2.9.0.tgz#9c99094176e12240cb22d6c5146098400fe0f7d4"
    dependencies:
      graceful-readlink ">= 1.0.0"

  concat-map@0.0.1:
    version "0.0.1"
    resolved "https://nexus.elium.io/repository/npm-all/concat-map/-/concat-map-0.0.1.tgz#d8a96bd77fd68df7793a73036a3ba0d5405d477b"

  core-util-is@~1.0.0:
    version "1.0.2"
    resolved "https://nexus.elium.io/repository/npm-all/core-util-is/-/core-util-is-1.0.2.tgz#b5fd54220aa2bc5ab57aab7140c940754503c1a7"

  coveralls@^2.11.12:
    version "2.11.15"
    resolved "https://nexus.elium.io/repository/npm-all/coveralls/-/coveralls-2.11.15.tgz#37d3474369d66c14f33fa73a9d25cee6e099fca0"
    dependencies:
      js-yaml "3.6.1"
      lcov-parse "0.0.10"
      log-driver "1.2.5"
      minimist "1.2.0"
      request "2.75.0"

  cryptiles@2.x.x:
    version "2.0.5"
    resolved "https://nexus.elium.io/repository/npm-all/cryptiles/-/cryptiles-2.0.5.tgz#3bdfecdc608147c1c67202fa291e7dca59eaa3b8"
    dependencies:
      boom "2.x.x"

  dashdash@^1.12.0:
    version "1.14.1"
    resolved "https://nexus.elium.io/repository/npm-all/dashdash/-/dashdash-1.14.1.tgz#853cfa0f7cbe2fed5de20326b8dd581035f6e2f0"
    dependencies:
      assert-plus "^1.0.0"

  debug@2.2.0:
    version "2.2.0"
    resolved "https://nexus.elium.io/repository/npm-all/debug/-/debug-2.2.0.tgz#f87057e995b1a1f6ae6a4960664137bc56f039da"
    dependencies:
      ms "0.7.1"

  decamelize@^1.0.0:
    version "1.2.0"
    resolved "https://nexus.elium.io/repository/npm-all/decamelize/-/decamelize-1.2.0.tgz#f6534d15148269b20352e7bee26f501f9a191290"

  deep-eql@^0.1.3:
    version "0.1.3"
    resolved "https://nexus.elium.io/repository/npm-all/deep-eql/-/deep-eql-0.1.3.tgz#ef558acab8de25206cd713906d74e56930eb69f2"
    dependencies:
      type-detect "0.1.1"

  deep-is@~0.1.3:
    version "0.1.3"
    resolved "https://nexus.elium.io/repository/npm-all/deep-is/-/deep-is-0.1.3.tgz#b369d6fb5dbc13eecf524f91b070feedc357cf34"

  del@^2.2.1:
    version "2.2.2"
    resolved "https://nexus.elium.io/repository/npm-all/del/-/del-2.2.2.tgz#c12c981d067846c84bcaf862cff930d907ffd1a8"
    dependencies:
      globby "^5.0.0"
      is-path-cwd "^1.0.0"
      is-path-in-cwd "^1.0.0"
      object-assign "^4.0.1"
      pify "^2.0.0"
      pinkie-promise "^2.0.0"
      rimraf "^2.2.8"

  delayed-stream@~1.0.0:
    version "1.0.0"
    resolved "https://nexus.elium.io/repository/npm-all/delayed-stream/-/delayed-stream-1.0.0.tgz#df3ae199acadfb7d440aaae0b29e2272b24ec619"

  diff@1.4.0:
    version "1.4.0"
    resolved "https://nexus.elium.io/repository/npm-all/diff/-/diff-1.4.0.tgz#7f28d2eb9ee7b15a97efd89ce63dcfdaa3ccbabf"

  ecc-jsbn@~0.1.1:
    version "0.1.1"
    resolved "https://nexus.elium.io/repository/npm-all/ecc-jsbn/-/ecc-jsbn-0.1.1.tgz#0fc73a9ed5f0d53c38193398523ef7e543777505"
    dependencies:
      jsbn "~0.1.0"

  escape-string-regexp@1.0.2, escape-string-regexp@^1.0.2:
    version "1.0.2"
    resolved "https://nexus.elium.io/repository/npm-all/escape-string-regexp/-/escape-string-regexp-1.0.2.tgz#4dbc2fe674e71949caf3fb2695ce7f2dc1d9a8d1"

  escodegen@1.8.x:
    version "1.8.1"
    resolved "https://nexus.elium.io/repository/npm-all/escodegen/-/escodegen-1.8.1.tgz#5a5b53af4693110bebb0867aa3430dd3b70a1018"
    dependencies:
      esprima "^2.7.1"
      estraverse "^1.9.1"
      esutils "^2.0.2"
      optionator "^0.8.1"
    optionalDependencies:
      source-map "~0.2.0"

  esprima@2.7.x, esprima@^2.6.0, esprima@^2.7.1:
    version "2.7.3"
    resolved "https://nexus.elium.io/repository/npm-all/esprima/-/esprima-2.7.3.tgz#96e3b70d5779f6ad49cd032673d1c312767ba581"

  estraverse@^1.9.1:
    version "1.9.3"
    resolved "https://nexus.elium.io/repository/npm-all/estraverse/-/estraverse-1.9.3.tgz#af67f2dc922582415950926091a4005d29c9bb44"

  esutils@^2.0.2:
    version "2.0.2"
    resolved "https://nexus.elium.io/repository/npm-all/esutils/-/esutils-2.0.2.tgz#0abf4f1caa5bcb1f7a9d8acc6dea4faaa04bac9b"

  extend@~3.0.0:
    version "3.0.0"
    resolved "https://nexus.elium.io/repository/npm-all/extend/-/extend-3.0.0.tgz#5a474353b9f3353ddd8176dfd37b91c83a46f1d4"

  extsprintf@1.0.2:
    version "1.0.2"
    resolved "https://nexus.elium.io/repository/npm-all/extsprintf/-/extsprintf-1.0.2.tgz#e1080e0658e300b06294990cc70e1502235fd550"

  fast-levenshtein@~2.0.4:
    version "2.0.6"
    resolved "https://nexus.elium.io/repository/npm-all/fast-levenshtein/-/fast-levenshtein-2.0.6.tgz#3d8a5c66883a16a30ca8643e851f19baa7797917"

  forever-agent@~0.6.1:
    version "0.6.1"
    resolved "https://nexus.elium.io/repository/npm-all/forever-agent/-/forever-agent-0.6.1.tgz#fbc71f0c41adeb37f96c577ad1ed42d8fdacca91"

  form-data@~2.0.0:
    version "2.0.0"
    resolved "https://nexus.elium.io/repository/npm-all/form-data/-/form-data-2.0.0.tgz#6f0aebadcc5da16c13e1ecc11137d85f9b883b25"
    dependencies:
      asynckit "^0.4.0"
      combined-stream "^1.0.5"
      mime-types "^2.1.11"

  fs.realpath@^1.0.0:
    version "1.0.0"
    resolved "https://nexus.elium.io/repository/npm-all/fs.realpath/-/fs.realpath-1.0.0.tgz#1504ad2523158caa40db4a2787cb01411994ea4f"

  generate-function@^2.0.0:
    version "2.0.0"
    resolved "https://nexus.elium.io/repository/npm-all/generate-function/-/generate-function-2.0.0.tgz#6858fe7c0969b7d4e9093337647ac79f60dfbe74"

  generate-object-property@^1.1.0:
    version "1.2.0"
    resolved "https://nexus.elium.io/repository/npm-all/generate-object-property/-/generate-object-property-1.2.0.tgz#9c0e1c40308ce804f4783618b937fa88f99d50d0"
    dependencies:
      is-property "^1.0.0"

  getpass@^0.1.1:
    version "0.1.6"
    resolved "https://nexus.elium.io/repository/npm-all/getpass/-/getpass-0.1.6.tgz#283ffd9fc1256840875311c1b60e8c40187110e6"
    dependencies:
      assert-plus "^1.0.0"

  glob@3.2.11:
    version "3.2.11"
    resolved "https://nexus.elium.io/repository/npm-all/glob/-/glob-3.2.11.tgz#4a973f635b9190f715d10987d5c00fd2815ebe3d"
    dependencies:
      inherits "2"
      minimatch "0.3"

  glob@^5.0.15:
    version "5.0.15"
    resolved "https://nexus.elium.io/repository/npm-all/glob/-/glob-5.0.15.tgz#1bc936b9e02f4a603fcc222ecf7633d30b8b93b1"
    dependencies:
      inflight "^1.0.4"
      inherits "2"
      minimatch "2 || 3"
      once "^1.3.0"
      path-is-absolute "^1.0.0"

  glob@^7.0.3, glob@^7.0.5:
    version "7.1.1"
    resolved "https://nexus.elium.io/repository/npm-all/glob/-/glob-7.1.1.tgz#805211df04faaf1c63a3600306cdf5ade50b2ec8"
    dependencies:
      fs.realpath "^1.0.0"
      inflight "^1.0.4"
      inherits "2"
      minimatch "^3.0.2"
      once "^1.3.0"
      path-is-absolute "^1.0.0"

  globby@^5.0.0:
    version "5.0.0"
    resolved "https://nexus.elium.io/repository/npm-all/globby/-/globby-5.0.0.tgz#ebd84667ca0dbb330b99bcfc68eac2bc54370e0d"
    dependencies:
      array-union "^1.0.1"
      arrify "^1.0.0"
      glob "^7.0.3"
      object-assign "^4.0.1"
      pify "^2.0.0"
      pinkie-promise "^2.0.0"

  "graceful-readlink@>= 1.0.0":
    version "1.0.1"
    resolved "https://nexus.elium.io/repository/npm-all/graceful-readlink/-/graceful-readlink-1.0.1.tgz#4cafad76bc62f02fa039b2f94e9a3dd3a391a725"

  growl@1.9.2:
    version "1.9.2"
    resolved "https://nexus.elium.io/repository/npm-all/growl/-/growl-1.9.2.tgz#0ea7743715db8d8de2c5ede1775e1b45ac85c02f"

  handlebars@^4.0.1:
    version "4.0.6"
    resolved "https://nexus.elium.io/repository/npm-all/handlebars/-/handlebars-4.0.6.tgz#2ce4484850537f9c97a8026d5399b935c4ed4ed7"
    dependencies:
      async "^1.4.0"
      optimist "^0.6.1"
      source-map "^0.4.4"
    optionalDependencies:
      uglify-js "^2.6"

  har-validator@~2.0.6:
    version "2.0.6"
    resolved "https://nexus.elium.io/repository/npm-all/har-validator/-/har-validator-2.0.6.tgz#cdcbc08188265ad119b6a5a7c8ab70eecfb5d27d"
    dependencies:
      chalk "^1.1.1"
      commander "^2.9.0"
      is-my-json-valid "^2.12.4"
      pinkie-promise "^2.0.0"

  has-ansi@^2.0.0:
    version "2.0.0"
    resolved "https://nexus.elium.io/repository/npm-all/has-ansi/-/has-ansi-2.0.0.tgz#34f5049ce1ecdf2b0649af3ef24e45ed35416d91"
    dependencies:
      ansi-regex "^2.0.0"

  has-flag@^1.0.0:
    version "1.0.0"
    resolved "https://nexus.elium.io/repository/npm-all/has-flag/-/has-flag-1.0.0.tgz#9d9e793165ce017a00f00418c43f942a7b1d11fa"

  hawk@~3.1.3:
    version "3.1.3"
    resolved "https://nexus.elium.io/repository/npm-all/hawk/-/hawk-3.1.3.tgz#078444bd7c1640b0fe540d2c9b73d59678e8e1c4"
    dependencies:
      boom "2.x.x"
      cryptiles "2.x.x"
      hoek "2.x.x"
      sntp "1.x.x"

  hoek@2.x.x:
    version "2.16.3"
    resolved "https://nexus.elium.io/repository/npm-all/hoek/-/hoek-2.16.3.tgz#20bb7403d3cea398e91dc4710a8ff1b8274a25ed"

  http-signature@~1.1.0:
    version "1.1.1"
    resolved "https://nexus.elium.io/repository/npm-all/http-signature/-/http-signature-1.1.1.tgz#df72e267066cd0ac67fb76adf8e134a8fbcf91bf"
    dependencies:
      assert-plus "^0.2.0"
      jsprim "^1.2.2"
      sshpk "^1.7.0"

  inflight@^1.0.4:
    version "1.0.6"
    resolved "https://nexus.elium.io/repository/npm-all/inflight/-/inflight-1.0.6.tgz#49bd6331d7d02d0c09bc910a1075ba8165b56df9"
    dependencies:
      once "^1.3.0"
      wrappy "1"

  inherits@2, inherits@~2.0.1:
    version "2.0.3"
    resolved "https://nexus.elium.io/repository/npm-all/inherits/-/inherits-2.0.3.tgz#633c2c83e3da42a502f52466022480f4208261de"

  is-buffer@^1.0.2:
    version "1.1.4"
    resolved "https://nexus.elium.io/repository/npm-all/is-buffer/-/is-buffer-1.1.4.tgz#cfc86ccd5dc5a52fa80489111c6920c457e2d98b"

  is-my-json-valid@^2.12.4:
    version "2.15.0"
    resolved "https://nexus.elium.io/repository/npm-all/is-my-json-valid/-/is-my-json-valid-2.15.0.tgz#936edda3ca3c211fd98f3b2d3e08da43f7b2915b"
    dependencies:
      generate-function "^2.0.0"
      generate-object-property "^1.1.0"
      jsonpointer "^4.0.0"
      xtend "^4.0.0"

  is-path-cwd@^1.0.0:
    version "1.0.0"
    resolved "https://nexus.elium.io/repository/npm-all/is-path-cwd/-/is-path-cwd-1.0.0.tgz#d225ec23132e89edd38fda767472e62e65f1106d"

  is-path-in-cwd@^1.0.0:
    version "1.0.0"
    resolved "https://nexus.elium.io/repository/npm-all/is-path-in-cwd/-/is-path-in-cwd-1.0.0.tgz#6477582b8214d602346094567003be8a9eac04dc"
    dependencies:
      is-path-inside "^1.0.0"

  is-path-inside@^1.0.0:
    version "1.0.0"
    resolved "https://nexus.elium.io/repository/npm-all/is-path-inside/-/is-path-inside-1.0.0.tgz#fc06e5a1683fbda13de667aff717bbc10a48f37f"
    dependencies:
      path-is-inside "^1.0.1"

  is-property@^1.0.0:
    version "1.0.2"
    resolved "https://nexus.elium.io/repository/npm-all/is-property/-/is-property-1.0.2.tgz#57fe1c4e48474edd65b09911f26b1cd4095dda84"

  is-typedarray@~1.0.0:
    version "1.0.0"
    resolved "https://nexus.elium.io/repository/npm-all/is-typedarray/-/is-typedarray-1.0.0.tgz#e479c80858df0c1b11ddda6940f96011fcda4a9a"

  isarray@~1.0.0:
    version "1.0.0"
    resolved "https://nexus.elium.io/repository/npm-all/isarray/-/isarray-1.0.0.tgz#bb935d48582cba168c06834957a54a3e07124f11"

  isexe@^1.1.1:
    version "1.1.2"
    resolved "https://nexus.elium.io/repository/npm-all/isexe/-/isexe-1.1.2.tgz#36f3e22e60750920f5e7241a476a8c6a42275ad0"

  isstream@~0.1.2:
    version "0.1.2"
    resolved "https://nexus.elium.io/repository/npm-all/isstream/-/isstream-0.1.2.tgz#47e63f7af55afa6f92e1500e690eb8b8529c099a"

  istanbul@^0.4.4:
    version "0.4.5"
    resolved "https://nexus.elium.io/repository/npm-all/istanbul/-/istanbul-0.4.5.tgz#65c7d73d4c4da84d4f3ac310b918fb0b8033733b"
    dependencies:
      abbrev "1.0.x"
      async "1.x"
      escodegen "1.8.x"
      esprima "2.7.x"
      glob "^5.0.15"
      handlebars "^4.0.1"
      js-yaml "3.x"
      mkdirp "0.5.x"
      nopt "3.x"
      once "1.x"
      resolve "1.1.x"
      supports-color "^3.1.0"
      which "^1.1.1"
      wordwrap "^1.0.0"

  jade@0.26.3:
    version "0.26.3"
    resolved "https://nexus.elium.io/repository/npm-all/jade/-/jade-0.26.3.tgz#8f10d7977d8d79f2f6ff862a81b0513ccb25686c"
    dependencies:
      commander "0.6.1"
      mkdirp "0.3.0"

  jodid25519@^1.0.0:
    version "1.0.2"
    resolved "https://nexus.elium.io/repository/npm-all/jodid25519/-/jodid25519-1.0.2.tgz#06d4912255093419477d425633606e0e90782967"
    dependencies:
      jsbn "~0.1.0"

  js-yaml@3.6.1, js-yaml@3.x:
    version "3.6.1"
    resolved "https://nexus.elium.io/repository/npm-all/js-yaml/-/js-yaml-3.6.1.tgz#6e5fe67d8b205ce4d22fad05b7781e8dadcc4b30"
    dependencies:
      argparse "^1.0.7"
      esprima "^2.6.0"

  jsbn@~0.1.0:
    version "0.1.0"
    resolved "https://nexus.elium.io/repository/npm-all/jsbn/-/jsbn-0.1.0.tgz#650987da0dd74f4ebf5a11377a2aa2d273e97dfd"

  json-schema@0.2.3:
    version "0.2.3"
    resolved "https://nexus.elium.io/repository/npm-all/json-schema/-/json-schema-0.2.3.tgz#b480c892e59a2f05954ce727bd3f2a4e882f9e13"

  json-stringify-safe@~5.0.1:
    version "5.0.1"
    resolved "https://nexus.elium.io/repository/npm-all/json-stringify-safe/-/json-stringify-safe-5.0.1.tgz#1296a2d58fd45f19a0f6ce01d65701e2c735b6eb"

  jsonpointer@^4.0.0:
    version "4.0.1"
    resolved "https://nexus.elium.io/repository/npm-all/jsonpointer/-/jsonpointer-4.0.1.tgz#4fd92cb34e0e9db3c89c8622ecf51f9b978c6cb9"

  jsprim@^1.2.2:
    version "1.3.1"
    resolved "https://nexus.elium.io/repository/npm-all/jsprim/-/jsprim-1.3.1.tgz#2a7256f70412a29ee3670aaca625994c4dcff252"
    dependencies:
      extsprintf "1.0.2"
      json-schema "0.2.3"
      verror "1.3.6"

  kind-of@^3.0.2:
    version "3.1.0"
    resolved "https://nexus.elium.io/repository/npm-all/kind-of/-/kind-of-3.1.0.tgz#475d698a5e49ff5e53d14e3e732429dc8bf4cf47"
    dependencies:
      is-buffer "^1.0.2"

  lazy-cache@^1.0.3:
    version "1.0.4"
    resolved "https://nexus.elium.io/repository/npm-all/lazy-cache/-/lazy-cache-1.0.4.tgz#a1d78fc3a50474cb80845d3b3b6e1da49a446e8e"

  lcov-parse@0.0.10:
    version "0.0.10"
    resolved "https://nexus.elium.io/repository/npm-all/lcov-parse/-/lcov-parse-0.0.10.tgz#1b0b8ff9ac9c7889250582b70b71315d9da6d9a3"

  levn@~0.3.0:
    version "0.3.0"
    resolved "https://nexus.elium.io/repository/npm-all/levn/-/levn-0.3.0.tgz#3b09924edf9f083c0490fdd4c0bc4421e04764ee"
    dependencies:
      prelude-ls "~1.1.2"
      type-check "~0.3.2"

  lodash@^4.17.4:
    version "4.17.4"
    resolved "https://nexus.elium.io/repository/npm-all/lodash/-/lodash-4.17.4.tgz#78203a4d1c328ae1d86dca6460e369b57f4055ae"

  log-driver@1.2.5:
    version "1.2.5"
    resolved "https://nexus.elium.io/repository/npm-all/log-driver/-/log-driver-1.2.5.tgz#7ae4ec257302fd790d557cb10c97100d857b0056"

  longest@^1.0.1:
    version "1.0.1"
    resolved "https://nexus.elium.io/repository/npm-all/longest/-/longest-1.0.1.tgz#30a0b2da38f73770e8294a0d22e6625ed77d0097"

  lru-cache@2:
    version "2.7.3"
    resolved "https://nexus.elium.io/repository/npm-all/lru-cache/-/lru-cache-2.7.3.tgz#6d4524e8b955f95d4f5b58851ce21dd72fb4e952"

  mime-db@~1.25.0:
    version "1.25.0"
    resolved "https://nexus.elium.io/repository/npm-all/mime-db/-/mime-db-1.25.0.tgz#c18dbd7c73a5dbf6f44a024dc0d165a1e7b1c392"

  mime-types@^2.1.11, mime-types@~2.1.7:
    version "2.1.13"
    resolved "https://nexus.elium.io/repository/npm-all/mime-types/-/mime-types-2.1.13.tgz#e07aaa9c6c6b9a7ca3012c69003ad25a39e92a88"
    dependencies:
      mime-db "~1.25.0"

  minimatch@0.3:
    version "0.3.0"
    resolved "https://nexus.elium.io/repository/npm-all/minimatch/-/minimatch-0.3.0.tgz#275d8edaac4f1bb3326472089e7949c8394699dd"
    dependencies:
      lru-cache "2"
      sigmund "~1.0.0"

  "minimatch@2 || 3", minimatch@^3.0.2:
    version "3.0.3"
    resolved "https://nexus.elium.io/repository/npm-all/minimatch/-/minimatch-3.0.3.tgz#2a4e4090b96b2db06a9d7df01055a62a77c9b774"
    dependencies:
      brace-expansion "^1.0.0"

  minimist@0.0.8, minimist@~0.0.1:
    version "0.0.8"
    resolved "https://nexus.elium.io/repository/npm-all/minimist/-/minimist-0.0.8.tgz#857fcabfc3397d2625b8228262e86aa7a011b05d"

  minimist@1.2.0:
    version "1.2.0"
    resolved "https://nexus.elium.io/repository/npm-all/minimist/-/minimist-1.2.0.tgz#a35008b20f41383eec1fb914f4cd5df79a264284"

  mkdirp@0.3.0:
    version "0.3.0"
    resolved "https://nexus.elium.io/repository/npm-all/mkdirp/-/mkdirp-0.3.0.tgz#1bbf5ab1ba827af23575143490426455f481fe1e"

  mkdirp@0.5.1, mkdirp@0.5.x:
    version "0.5.1"
    resolved "https://nexus.elium.io/repository/npm-all/mkdirp/-/mkdirp-0.5.1.tgz#30057438eac6cf7f8c4767f38648d6697d75c903"
    dependencies:
      minimist "0.0.8"

  mocha-lcov-reporter@^1.2.0:
    version "1.2.0"
    resolved "https://nexus.elium.io/repository/npm-all/mocha-lcov-reporter/-/mocha-lcov-reporter-1.2.0.tgz#8f7ba1512ae1271611d927669d99b6c2e99f058f"

  mocha@^2.4.5:
    version "2.5.3"
    resolved "https://nexus.elium.io/repository/npm-all/mocha/-/mocha-2.5.3.tgz#161be5bdeb496771eb9b35745050b622b5aefc58"
    dependencies:
      commander "2.3.0"
      debug "2.2.0"
      diff "1.4.0"
      escape-string-regexp "1.0.2"
      glob "3.2.11"
      growl "1.9.2"
      jade "0.26.3"
      mkdirp "0.5.1"
      supports-color "1.2.0"
      to-iso-string "0.0.2"

  ms@0.7.1:
    version "0.7.1"
    resolved "https://nexus.elium.io/repository/npm-all/ms/-/ms-0.7.1.tgz#9cd13c03adbff25b65effde7ce864ee952017098"

  node-uuid@~1.4.7:
    version "1.4.7"
    resolved "https://nexus.elium.io/repository/npm-all/node-uuid/-/node-uuid-1.4.7.tgz#6da5a17668c4b3dd59623bda11cf7fa4c1f60a6f"

  nopt@3.x:
    version "3.0.6"
    resolved "https://nexus.elium.io/repository/npm-all/nopt/-/nopt-3.0.6.tgz#c6465dbf08abcd4db359317f79ac68a646b28ff9"
    dependencies:
      abbrev "1"

  oauth-sign@~0.8.1:
    version "0.8.2"
    resolved "https://nexus.elium.io/repository/npm-all/oauth-sign/-/oauth-sign-0.8.2.tgz#46a6ab7f0aead8deae9ec0565780b7d4efeb9d43"

  object-assign@^4.0.1:
    version "4.1.0"
    resolved "https://nexus.elium.io/repository/npm-all/object-assign/-/object-assign-4.1.0.tgz#7a3b3d0e98063d43f4c03f2e8ae6cd51a86883a0"

  once@1.x, once@^1.3.0:
    version "1.4.0"
    resolved "https://nexus.elium.io/repository/npm-all/once/-/once-1.4.0.tgz#583b1aa775961d4b113ac17d9c50baef9dd76bd1"
    dependencies:
      wrappy "1"

  optimist@^0.6.1:
    version "0.6.1"
    resolved "https://nexus.elium.io/repository/npm-all/optimist/-/optimist-0.6.1.tgz#da3ea74686fa21a19a111c326e90eb15a0196686"
    dependencies:
      minimist "~0.0.1"
      wordwrap "~0.0.2"

  optionator@^0.8.1:
    version "0.8.2"
    resolved "https://nexus.elium.io/repository/npm-all/optionator/-/optionator-0.8.2.tgz#364c5e409d3f4d6301d6c0b4c05bba50180aeb64"
    dependencies:
      deep-is "~0.1.3"
      fast-levenshtein "~2.0.4"
      levn "~0.3.0"
      prelude-ls "~1.1.2"
      type-check "~0.3.2"
      wordwrap "~1.0.0"

  path-is-absolute@^1.0.0:
    version "1.0.1"
    resolved "https://nexus.elium.io/repository/npm-all/path-is-absolute/-/path-is-absolute-1.0.1.tgz#174b9268735534ffbc7ace6bf53a5a9e1b5c5f5f"

  path-is-inside@^1.0.1:
    version "1.0.2"
    resolved "https://nexus.elium.io/repository/npm-all/path-is-inside/-/path-is-inside-1.0.2.tgz#365417dede44430d1c11af61027facf074bdfc53"

  pify@^2.0.0:
    version "2.3.0"
    resolved "https://nexus.elium.io/repository/npm-all/pify/-/pify-2.3.0.tgz#ed141a6ac043a849ea588498e7dca8b15330e90c"

  pinkie-promise@^2.0.0:
    version "2.0.1"
    resolved "https://nexus.elium.io/repository/npm-all/pinkie-promise/-/pinkie-promise-2.0.1.tgz#2135d6dfa7a358c069ac9b178776288228450ffa"
    dependencies:
      pinkie "^2.0.0"

  pinkie@^2.0.0:
    version "2.0.4"
    resolved "https://nexus.elium.io/repository/npm-all/pinkie/-/pinkie-2.0.4.tgz#72556b80cfa0d48a974e80e77248e80ed4f7f870"

  prelude-ls@~1.1.2:
    version "1.1.2"
    resolved "https://nexus.elium.io/repository/npm-all/prelude-ls/-/prelude-ls-1.1.2.tgz#21932a549f5e52ffd9a827f570e04be62a97da54"

  process-nextick-args@~1.0.6:
    version "1.0.7"
    resolved "https://nexus.elium.io/repository/npm-all/process-nextick-args/-/process-nextick-args-1.0.7.tgz#150e20b756590ad3f91093f25a4f2ad8bff30ba3"

  punycode@^1.4.1:
    version "1.4.1"
    resolved "https://nexus.elium.io/repository/npm-all/punycode/-/punycode-1.4.1.tgz#c0d5a63b2718800ad8e1eb0fa5269c84dd41845e"

  qs@~6.2.0:
    version "6.2.1"
    resolved "https://nexus.elium.io/repository/npm-all/qs/-/qs-6.2.1.tgz#ce03c5ff0935bc1d9d69a9f14cbd18e568d67625"

  readable-stream@~2.0.5:
    version "2.0.6"
    resolved "https://nexus.elium.io/repository/npm-all/readable-stream/-/readable-stream-2.0.6.tgz#8f90341e68a53ccc928788dacfcd11b36eb9b78e"
    dependencies:
      core-util-is "~1.0.0"
      inherits "~2.0.1"
      isarray "~1.0.0"
      process-nextick-args "~1.0.6"
      string_decoder "~0.10.x"
      util-deprecate "~1.0.1"

  repeat-string@^1.5.2:
    version "1.6.1"
    resolved "https://nexus.elium.io/repository/npm-all/repeat-string/-/repeat-string-1.6.1.tgz#8dcae470e1c88abc2d600fff4a776286da75e637"

  request@2.75.0:
    version "2.75.0"
    resolved "https://nexus.elium.io/repository/npm-all/request/-/request-2.75.0.tgz#d2b8268a286da13eaa5d01adf5d18cc90f657d93"
    dependencies:
      aws-sign2 "~0.6.0"
      aws4 "^1.2.1"
      bl "~1.1.2"
      caseless "~0.11.0"
      combined-stream "~1.0.5"
      extend "~3.0.0"
      forever-agent "~0.6.1"
      form-data "~2.0.0"
      har-validator "~2.0.6"
      hawk "~3.1.3"
      http-signature "~1.1.0"
      is-typedarray "~1.0.0"
      isstream "~0.1.2"
      json-stringify-safe "~5.0.1"
      mime-types "~2.1.7"
      node-uuid "~1.4.7"
      oauth-sign "~0.8.1"
      qs "~6.2.0"
      stringstream "~0.0.4"
      tough-cookie "~2.3.0"
      tunnel-agent "~0.4.1"

  resolve@1.1.x:
    version "1.1.7"
    resolved "https://nexus.elium.io/repository/npm-all/resolve/-/resolve-1.1.7.tgz#203114d82ad2c5ed9e8e0411b3932875e889e97b"

  right-align@^0.1.1:
    version "0.1.3"
    resolved "https://nexus.elium.io/repository/npm-all/right-align/-/right-align-0.1.3.tgz#61339b722fe6a3515689210d24e14c96148613ef"
    dependencies:
      align-text "^0.1.1"

  rimraf@^2.2.8:
    version "2.5.4"
    resolved "https://nexus.elium.io/repository/npm-all/rimraf/-/rimraf-2.5.4.tgz#96800093cbf1a0c86bd95b4625467535c29dfa04"
    dependencies:
      glob "^7.0.5"

  rxjs@^5.0.3:
    version "5.0.3"
    resolved "https://nexus.elium.io/repository/npm-all/rxjs/-/rxjs-5.0.3.tgz#fc8bdf464ebf938812748e4196788f392fef9754"
    dependencies:
      symbol-observable "^1.0.1"

  sigmund@~1.0.0:
    version "1.0.1"
    resolved "https://nexus.elium.io/repository/npm-all/sigmund/-/sigmund-1.0.1.tgz#3ff21f198cad2175f9f3b781853fd94d0d19b590"

  sntp@1.x.x:
    version "1.0.9"
    resolved "https://nexus.elium.io/repository/npm-all/sntp/-/sntp-1.0.9.tgz#6541184cc90aeea6c6e7b35e2659082443c66198"
    dependencies:
      hoek "2.x.x"

  source-map@^0.4.4:
    version "0.4.4"
    resolved "https://nexus.elium.io/repository/npm-all/source-map/-/source-map-0.4.4.tgz#eba4f5da9c0dc999de68032d8b4f76173652036b"
    dependencies:
      amdefine ">=0.0.4"

  source-map@~0.2.0:
    version "0.2.0"
    resolved "https://nexus.elium.io/repository/npm-all/source-map/-/source-map-0.2.0.tgz#dab73fbcfc2ba819b4de03bd6f6eaa48164b3f9d"
    dependencies:
      amdefine ">=0.0.4"

  source-map@~0.5.1:
    version "0.5.6"
    resolved "https://nexus.elium.io/repository/npm-all/source-map/-/source-map-0.5.6.tgz#75ce38f52bf0733c5a7f0c118d81334a2bb5f412"

  sprintf-js@~1.0.2:
    version "1.0.3"
    resolved "https://nexus.elium.io/repository/npm-all/sprintf-js/-/sprintf-js-1.0.3.tgz#04e6926f662895354f3dd015203633b857297e2c"

  sshpk@^1.7.0:
    version "1.10.1"
    resolved "https://nexus.elium.io/repository/npm-all/sshpk/-/sshpk-1.10.1.tgz#30e1a5d329244974a1af61511339d595af6638b0"
    dependencies:
      asn1 "~0.2.3"
      assert-plus "^1.0.0"
      dashdash "^1.12.0"
      getpass "^0.1.1"
    optionalDependencies:
      bcrypt-pbkdf "^1.0.0"
      ecc-jsbn "~0.1.1"
      jodid25519 "^1.0.0"
      jsbn "~0.1.0"
      tweetnacl "~0.14.0"

  string_decoder@~0.10.x:
    version "0.10.31"
    resolved "https://nexus.elium.io/repository/npm-all/string_decoder/-/string_decoder-0.10.31.tgz#62e203bc41766c6c28c9fc84301dab1c5310fa94"

  stringstream@~0.0.4:
    version "0.0.5"
    resolved "https://nexus.elium.io/repository/npm-all/stringstream/-/stringstream-0.0.5.tgz#4e484cd4de5a0bbbee18e46307710a8a81621878"

  strip-ansi@^3.0.0:
    version "3.0.1"
    resolved "https://nexus.elium.io/repository/npm-all/strip-ansi/-/strip-ansi-3.0.1.tgz#6a385fb8853d952d5ff05d0e8aaf94278dc63dcf"
    dependencies:
      ansi-regex "^2.0.0"

  supports-color@1.2.0:
    version "1.2.0"
    resolved "https://nexus.elium.io/repository/npm-all/supports-color/-/supports-color-1.2.0.tgz#ff1ed1e61169d06b3cf2d588e188b18d8847e17e"

  supports-color@^2.0.0:
    version "2.0.0"
    resolved "https://nexus.elium.io/repository/npm-all/supports-color/-/supports-color-2.0.0.tgz#535d045ce6b6363fa40117084629995e9df324c7"

  supports-color@^3.1.0:
    version "3.1.2"
    resolved "https://nexus.elium.io/repository/npm-all/supports-color/-/supports-color-3.1.2.tgz#72a262894d9d408b956ca05ff37b2ed8a6e2a2d5"
    dependencies:
      has-flag "^1.0.0"

  symbol-observable@^1.0.1:
    version "1.0.4"
    resolved "https://nexus.elium.io/repository/npm-all/symbol-observable/-/symbol-observable-1.0.4.tgz#29bf615d4aa7121bdd898b22d4b3f9bc4e2aa03d"

  to-iso-string@0.0.2:
    version "0.0.2"
    resolved "https://nexus.elium.io/repository/npm-all/to-iso-string/-/to-iso-string-0.0.2.tgz#4dc19e664dfccbe25bd8db508b00c6da158255d1"

  tough-cookie@~2.3.0:
    version "2.3.2"
    resolved "https://nexus.elium.io/repository/npm-all/tough-cookie/-/tough-cookie-2.3.2.tgz#f081f76e4c85720e6c37a5faced737150d84072a"
    dependencies:
      punycode "^1.4.1"

  tunnel-agent@~0.4.1:
    version "0.4.3"
    resolved "https://nexus.elium.io/repository/npm-all/tunnel-agent/-/tunnel-agent-0.4.3.tgz#6373db76909fe570e08d73583365ed828a74eeeb"

  tweetnacl@^0.14.3, tweetnacl@~0.14.0:
    version "0.14.5"
    resolved "https://nexus.elium.io/repository/npm-all/tweetnacl/-/tweetnacl-0.14.5.tgz#5ae68177f192d4456269d108afa93ff8743f4f64"

  type-check@~0.3.2:
    version "0.3.2"
    resolved "https://nexus.elium.io/repository/npm-all/type-check/-/type-check-0.3.2.tgz#5884cab512cf1d355e3fb784f30804b2b520db72"
    dependencies:
      prelude-ls "~1.1.2"

  type-detect@0.1.1:
    version "0.1.1"
    resolved "https://nexus.elium.io/repository/npm-all/type-detect/-/type-detect-0.1.1.tgz#0ba5ec2a885640e470ea4e8505971900dac58822"

  type-detect@^1.0.0:
    version "1.0.0"
    resolved "https://nexus.elium.io/repository/npm-all/type-detect/-/type-detect-1.0.0.tgz#762217cc06db258ec48908a1298e8b95121e8ea2"

  typescript@^2.1.4:
    version "2.1.4"
    resolved "https://nexus.elium.io/repository/npm-all/typescript/-/typescript-2.1.4.tgz#b53b69fb841126acb1dd4b397d21daba87572251"

  uglify-js@^2.6:
    version "2.7.5"
    resolved "https://nexus.elium.io/repository/npm-all/uglify-js/-/uglify-js-2.7.5.tgz#4612c0c7baaee2ba7c487de4904ae122079f2ca8"
    dependencies:
      async "~0.2.6"
      source-map "~0.5.1"
      uglify-to-browserify "~1.0.0"
      yargs "~3.10.0"

  uglify-to-browserify@~1.0.0:
    version "1.0.2"
    resolved "https://nexus.elium.io/repository/npm-all/uglify-to-browserify/-/uglify-to-browserify-1.0.2.tgz#6e0924d6bda6b5afe349e39a6d632850a0f882b7"

  util-deprecate@~1.0.1:
    version "1.0.2"
    resolved "https://nexus.elium.io/repository/npm-all/util-deprecate/-/util-deprecate-1.0.2.tgz#450d4dc9fa70de732762fbd2d4a28981419a0ccf"

  verror@1.3.6:
    version "1.3.6"
    resolved "https://nexus.elium.io/repository/npm-all/verror/-/verror-1.3.6.tgz#cff5df12946d297d2baaefaa2689e25be01c005c"
    dependencies:
      extsprintf "1.0.2"

  which@^1.1.1:
    version "1.2.12"
    resolved "https://nexus.elium.io/repository/npm-all/which/-/which-1.2.12.tgz#de67b5e450269f194909ef23ece4ebe416fa1192"
    dependencies:
      isexe "^1.1.1"

  window-size@0.1.0:
    version "0.1.0"
    resolved "https://nexus.elium.io/repository/npm-all/window-size/-/window-size-0.1.0.tgz#5438cd2ea93b202efa3a19fe8887aee7c94f9c9d"

  wordwrap@0.0.2:
    version "0.0.2"
    resolved "https://nexus.elium.io/repository/npm-all/wordwrap/-/wordwrap-0.0.2.tgz#b79669bb42ecb409f83d583cad52ca17eaa1643f"

  wordwrap@^1.0.0, wordwrap@~1.0.0:
    version "1.0.0"
    resolved "https://nexus.elium.io/repository/npm-all/wordwrap/-/wordwrap-1.0.0.tgz#27584810891456a4171c8d0226441ade90cbcaeb"

  wordwrap@~0.0.2:
    version "0.0.3"
    resolved "https://nexus.elium.io/repository/npm-all/wordwrap/-/wordwrap-0.0.3.tgz#a3d5da6cd5c0bc0008d37234bbaf1bed63059107"

  wrappy@1:
    version "1.0.2"
    resolved "https://nexus.elium.io/repository/npm-all/wrappy/-/wrappy-1.0.2.tgz#b5243d8f3ec1aa35f1364605bc0d1036e30ab69f"

  xtend@^4.0.0:
    version "4.0.1"
    resolved "https://nexus.elium.io/repository/npm-all/xtend/-/xtend-4.0.1.tgz#a5c6d532be656e23db820efb943a1f04998d63af"

  yargs@~3.10.0:
    version "3.10.0"
    resolved "https://nexus.elium.io/repository/npm-all/yargs/-/yargs-3.10.0.tgz#f7ee7bd857dd7c1d2d38c0e74efbd681d1431fd1"
    dependencies:
      camelcase "^1.0.2"
      cliui "^2.1.0"
      decamelize "^1.0.0"
      window-size "0.1.0"

Trace:
  Error: https://nexus.elium.io/repository/npm-all/@types%2fcorejs: Not found
      at Request.params.callback [as _callback] (/usr/local/Cellar/yarn/0.17.10/libexec/lib/node_modules/yarn/updates/0.18.1/lib/util/request-manager.js:309:18)
      at Request.self.callback (/usr/local/Cellar/yarn/0.17.10/libexec/lib/node_modules/yarn/updates/0.18.1/node_modules/request/request.js:186:22)
      at emitTwo (events.js:106:13)
      at Request.emit (events.js:191:7)
      at Request.<anonymous> (/usr/local/Cellar/yarn/0.17.10/libexec/lib/node_modules/yarn/updates/0.18.1/node_modules/request/request.js:1081:10)
      at emitOne (events.js:96:13)
      at Request.emit (events.js:188:7)
      at IncomingMessage.<anonymous> (/usr/local/Cellar/yarn/0.17.10/libexec/lib/node_modules/yarn/updates/0.18.1/node_modules/request/request.js:1001:12)
      at IncomingMessage.g (events.js:291:16)
      at emitNone (events.js:91:20)
